<?xml version="1.0" encoding="UTF-8"?>
<!-- Generated by org.testng.reporters.JUnitReportReporter -->
<testsuite skipped="0" hostname="FINLHYDAG451278" name="com.cs.qa.tests.SignUpPageTests" tests="1" failures="0" timestamp="15 Nov 2018 10:14:11 GMT" time="7.815" errors="0">
  <testcase name="test" time="7.815" classname="com.cs.qa.tests.SignUpPageTests"/>
</testsuite> <!-- com.cs.qa.tests.SignUpPageTests -->
