<?xml version="1.0" encoding="UTF-8"?>
<!-- Generated by org.testng.reporters.JUnitReportReporter -->
<testsuite skipped="0" hostname="FINLHYDAG451278" name="com.cs.qa.tests.SignUpPageTests" tests="6" failures="0" timestamp="19 Nov 2018 03:07:42 GMT" time="59.363" errors="0">
  <testcase name="test_invalid_uname" time="4.621" classname="com.cs.qa.tests.SignUpPageTests"/>
  <testcase name="test_invalid_email" time="4.141" classname="com.cs.qa.tests.SignUpPageTests"/>
  <testcase name="test_invalid_user_1" time="26.703" classname="com.cs.qa.tests.SignUpPageTests"/>
  <testcase name="test_invalid_email_username" time="4.025" classname="com.cs.qa.tests.SignUpPageTests"/>
  <testcase name="test_invalid_password" time="10.797" classname="com.cs.qa.tests.SignUpPageTests"/>
  <testcase name="test_invalid_password_1" time="9.076" classname="com.cs.qa.tests.SignUpPageTests"/>
</testsuite> <!-- com.cs.qa.tests.SignUpPageTests -->
